2024-12-09 16:56:54 - INFO - Starting Experiment 1/36
Hyperparameters:
  window_size=5, hidden_size=128, embed_dim=128,  encoder_heads=4, encoder_depth=2,   decoder_heads=4, decoder_depth=2,   dropout_p=0.2, output_size=1,  date_as_var=True
2024-12-09 16:57:34 - INFO - RMSE, SMAPE: 7.29 & 0.119
2024-12-09 16:57:34 - INFO - Starting Experiment 2/36
Hyperparameters:
  window_size=10, hidden_size=128, embed_dim=128,  encoder_heads=4, encoder_depth=2,   decoder_heads=4, decoder_depth=2,   dropout_p=0.2, output_size=1,  date_as_var=True
2024-12-09 16:58:12 - INFO - RMSE, SMAPE: 7.24 & 0.120
2024-12-09 16:58:12 - INFO - Starting Experiment 3/36
Hyperparameters:
  window_size=20, hidden_size=128, embed_dim=128,  encoder_heads=4, encoder_depth=2,   decoder_heads=4, decoder_depth=2,   dropout_p=0.2, output_size=1,  date_as_var=True
2024-12-09 16:58:51 - INFO - RMSE, SMAPE: 7.04 & 0.114
2024-12-09 16:58:51 - INFO - Starting Experiment 4/36
Hyperparameters:
  window_size=30, hidden_size=128, embed_dim=128,  encoder_heads=4, encoder_depth=2,   decoder_heads=4, decoder_depth=2,   dropout_p=0.2, output_size=1,  date_as_var=True
2024-12-09 16:59:29 - INFO - RMSE, SMAPE: 7.07 & 0.113
2024-12-09 16:59:29 - INFO - Starting Experiment 5/36
Hyperparameters:
  window_size=20, hidden_size=8, embed_dim=128,  encoder_heads=4, encoder_depth=2,   decoder_heads=4, decoder_depth=2,   dropout_p=0.2, output_size=1,  date_as_var=True
2024-12-09 17:00:07 - INFO - RMSE, SMAPE: 6.93 & 0.111
2024-12-09 17:00:07 - INFO - Starting Experiment 6/36
Hyperparameters:
  window_size=20, hidden_size=32, embed_dim=128,  encoder_heads=4, encoder_depth=2,   decoder_heads=4, decoder_depth=2,   dropout_p=0.2, output_size=1,  date_as_var=True
2024-12-09 17:00:44 - INFO - RMSE, SMAPE: 6.89 & 0.108
2024-12-09 17:00:44 - INFO - Starting Experiment 7/36
Hyperparameters:
  window_size=20, hidden_size=64, embed_dim=128,  encoder_heads=4, encoder_depth=2,   decoder_heads=4, decoder_depth=2,   dropout_p=0.2, output_size=1,  date_as_var=True
2024-12-09 17:01:22 - INFO - RMSE, SMAPE: 7.03 & 0.111
2024-12-09 17:01:22 - INFO - Starting Experiment 8/36
Hyperparameters:
  window_size=20, hidden_size=128, embed_dim=128,  encoder_heads=4, encoder_depth=2,   decoder_heads=4, decoder_depth=2,   dropout_p=0.2, output_size=1,  date_as_var=True
2024-12-09 17:01:59 - INFO - RMSE, SMAPE: 7.04 & 0.114
2024-12-09 17:01:59 - INFO - Starting Experiment 9/36
Hyperparameters:
  window_size=20, hidden_size=256, embed_dim=128,  encoder_heads=4, encoder_depth=2,   decoder_heads=4, decoder_depth=2,   dropout_p=0.2, output_size=1,  date_as_var=True
2024-12-09 17:02:37 - INFO - RMSE, SMAPE: 7.09 & 0.112
2024-12-09 17:02:37 - INFO - Starting Experiment 10/36
Hyperparameters:
  window_size=20, hidden_size=128, embed_dim=8,  encoder_heads=4, encoder_depth=2,   decoder_heads=4, decoder_depth=2,   dropout_p=0.2, output_size=1,  date_as_var=True
2024-12-09 17:03:15 - INFO - RMSE, SMAPE: 11.20 & 0.184
2024-12-09 17:03:15 - INFO - Starting Experiment 11/36
Hyperparameters:
  window_size=20, hidden_size=128, embed_dim=32,  encoder_heads=4, encoder_depth=2,   decoder_heads=4, decoder_depth=2,   dropout_p=0.2, output_size=1,  date_as_var=True
2024-12-09 17:03:52 - INFO - RMSE, SMAPE: 7.71 & 0.119
2024-12-09 17:03:52 - INFO - Starting Experiment 12/36
Hyperparameters:
  window_size=20, hidden_size=128, embed_dim=64,  encoder_heads=4, encoder_depth=2,   decoder_heads=4, decoder_depth=2,   dropout_p=0.2, output_size=1,  date_as_var=True
2024-12-09 17:04:30 - INFO - RMSE, SMAPE: 6.79 & 0.108
2024-12-09 17:04:30 - INFO - Starting Experiment 13/36
Hyperparameters:
  window_size=20, hidden_size=128, embed_dim=128,  encoder_heads=4, encoder_depth=2,   decoder_heads=4, decoder_depth=2,   dropout_p=0.2, output_size=1,  date_as_var=True
2024-12-09 17:05:09 - INFO - RMSE, SMAPE: 7.04 & 0.114
2024-12-09 17:05:09 - INFO - Starting Experiment 14/36
Hyperparameters:
  window_size=20, hidden_size=128, embed_dim=256,  encoder_heads=4, encoder_depth=2,   decoder_heads=4, decoder_depth=2,   dropout_p=0.2, output_size=1,  date_as_var=True
2024-12-09 17:05:47 - INFO - RMSE, SMAPE: 6.96 & 0.112
2024-12-09 17:05:47 - INFO - Starting Experiment 15/36
Hyperparameters:
  window_size=20, hidden_size=128, embed_dim=128,  encoder_heads=1, encoder_depth=2,   decoder_heads=4, decoder_depth=2,   dropout_p=0.2, output_size=1,  date_as_var=True
2024-12-09 17:06:26 - INFO - RMSE, SMAPE: 7.04 & 0.114
2024-12-09 17:06:26 - INFO - Starting Experiment 16/36
Hyperparameters:
  window_size=20, hidden_size=128, embed_dim=128,  encoder_heads=2, encoder_depth=2,   decoder_heads=4, decoder_depth=2,   dropout_p=0.2, output_size=1,  date_as_var=True
2024-12-09 17:07:05 - INFO - RMSE, SMAPE: 7.04 & 0.114
2024-12-09 17:07:05 - INFO - Starting Experiment 17/36
Hyperparameters:
  window_size=20, hidden_size=128, embed_dim=128,  encoder_heads=4, encoder_depth=2,   decoder_heads=4, decoder_depth=2,   dropout_p=0.2, output_size=1,  date_as_var=True
2024-12-09 17:07:43 - INFO - RMSE, SMAPE: 7.04 & 0.114
2024-12-09 17:07:43 - INFO - Starting Experiment 18/36
Hyperparameters:
  window_size=20, hidden_size=128, embed_dim=128,  encoder_heads=8, encoder_depth=2,   decoder_heads=4, decoder_depth=2,   dropout_p=0.2, output_size=1,  date_as_var=True
2024-12-09 17:08:22 - INFO - RMSE, SMAPE: 7.04 & 0.114
2024-12-09 17:08:22 - INFO - Starting Experiment 19/36
Hyperparameters:
  window_size=20, hidden_size=128, embed_dim=128,  encoder_heads=4, encoder_depth=1,   decoder_heads=4, decoder_depth=2,   dropout_p=0.2, output_size=1,  date_as_var=True
2024-12-09 17:09:00 - INFO - RMSE, SMAPE: 7.04 & 0.114
2024-12-09 17:09:00 - INFO - Starting Experiment 20/36
Hyperparameters:
  window_size=20, hidden_size=128, embed_dim=128,  encoder_heads=4, encoder_depth=2,   decoder_heads=4, decoder_depth=2,   dropout_p=0.2, output_size=1,  date_as_var=True
2024-12-09 17:09:38 - INFO - RMSE, SMAPE: 7.04 & 0.114
2024-12-09 17:09:38 - INFO - Starting Experiment 21/36
Hyperparameters:
  window_size=20, hidden_size=128, embed_dim=128,  encoder_heads=4, encoder_depth=4,   decoder_heads=4, decoder_depth=2,   dropout_p=0.2, output_size=1,  date_as_var=True
2024-12-09 17:10:15 - INFO - RMSE, SMAPE: 7.04 & 0.114
2024-12-09 17:10:15 - INFO - Starting Experiment 22/36
Hyperparameters:
  window_size=20, hidden_size=128, embed_dim=128,  encoder_heads=4, encoder_depth=8,   decoder_heads=4, decoder_depth=2,   dropout_p=0.2, output_size=1,  date_as_var=True
2024-12-09 17:10:53 - INFO - RMSE, SMAPE: 7.04 & 0.114
2024-12-09 17:10:53 - INFO - Starting Experiment 23/36
Hyperparameters:
  window_size=20, hidden_size=128, embed_dim=128,  encoder_heads=4, encoder_depth=2,   decoder_heads=1, decoder_depth=2,   dropout_p=0.2, output_size=1,  date_as_var=True
2024-12-09 17:11:11 - INFO - RMSE, SMAPE: 6.97 & 0.112
2024-12-09 17:11:11 - INFO - Starting Experiment 24/36
Hyperparameters:
  window_size=20, hidden_size=128, embed_dim=128,  encoder_heads=4, encoder_depth=2,   decoder_heads=2, decoder_depth=2,   dropout_p=0.2, output_size=1,  date_as_var=True
2024-12-09 17:11:36 - INFO - RMSE, SMAPE: 6.89 & 0.110
2024-12-09 17:11:36 - INFO - Starting Experiment 25/36
Hyperparameters:
  window_size=20, hidden_size=128, embed_dim=128,  encoder_heads=4, encoder_depth=2,   decoder_heads=4, decoder_depth=2,   dropout_p=0.2, output_size=1,  date_as_var=True
2024-12-09 17:12:15 - INFO - RMSE, SMAPE: 7.04 & 0.114
2024-12-09 17:12:15 - INFO - Starting Experiment 26/36
Hyperparameters:
  window_size=20, hidden_size=128, embed_dim=128,  encoder_heads=4, encoder_depth=2,   decoder_heads=8, decoder_depth=2,   dropout_p=0.2, output_size=1,  date_as_var=True
2024-12-09 17:13:18 - INFO - RMSE, SMAPE: 6.98 & 0.113
2024-12-09 17:13:18 - INFO - Starting Experiment 27/36
Hyperparameters:
  window_size=20, hidden_size=128, embed_dim=128,  encoder_heads=4, encoder_depth=2,   decoder_heads=4, decoder_depth=1,   dropout_p=0.2, output_size=1,  date_as_var=True
2024-12-09 17:13:41 - INFO - RMSE, SMAPE: 6.97 & 0.111
2024-12-09 17:13:41 - INFO - Starting Experiment 28/36
Hyperparameters:
  window_size=20, hidden_size=128, embed_dim=128,  encoder_heads=4, encoder_depth=2,   decoder_heads=4, decoder_depth=2,   dropout_p=0.2, output_size=1,  date_as_var=True
2024-12-09 17:14:19 - INFO - RMSE, SMAPE: 7.04 & 0.114
2024-12-09 17:14:19 - INFO - Starting Experiment 29/36
Hyperparameters:
  window_size=20, hidden_size=128, embed_dim=128,  encoder_heads=4, encoder_depth=2,   decoder_heads=4, decoder_depth=4,   dropout_p=0.2, output_size=1,  date_as_var=True
2024-12-09 17:15:27 - INFO - RMSE, SMAPE: 7.02 & 0.110
2024-12-09 17:15:27 - INFO - Starting Experiment 30/36
Hyperparameters:
  window_size=20, hidden_size=128, embed_dim=128,  encoder_heads=4, encoder_depth=2,   decoder_heads=4, decoder_depth=8,   dropout_p=0.2, output_size=1,  date_as_var=True
2024-12-09 17:17:34 - INFO - RMSE, SMAPE: 7.03 & 0.113
2024-12-09 17:17:34 - INFO - Starting Experiment 31/36
Hyperparameters:
  window_size=20, hidden_size=128, embed_dim=128,  encoder_heads=4, encoder_depth=2,   decoder_heads=4, decoder_depth=2,   dropout_p=0.2, output_size=1,  date_as_var=True
2024-12-09 17:18:12 - INFO - RMSE, SMAPE: 7.04 & 0.114
2024-12-09 17:18:12 - INFO - Starting Experiment 32/36
Hyperparameters:
  window_size=20, hidden_size=128, embed_dim=128,  encoder_heads=4, encoder_depth=2,   decoder_heads=4, decoder_depth=2,   dropout_p=0.4, output_size=1,  date_as_var=True
2024-12-09 17:18:50 - INFO - RMSE, SMAPE: 7.43 & 0.123
2024-12-09 17:18:50 - INFO - Starting Experiment 33/36
Hyperparameters:
  window_size=20, hidden_size=128, embed_dim=128,  encoder_heads=4, encoder_depth=2,   decoder_heads=4, decoder_depth=2,   dropout_p=0.6, output_size=1,  date_as_var=True
2024-12-09 17:19:27 - INFO - RMSE, SMAPE: 8.24 & 0.140
2024-12-09 17:19:27 - INFO - Starting Experiment 34/36
Hyperparameters:
  window_size=20, hidden_size=128, embed_dim=128,  encoder_heads=4, encoder_depth=2,   decoder_heads=4, decoder_depth=2,   dropout_p=0.8, output_size=1,  date_as_var=True
2024-12-09 17:20:05 - INFO - RMSE, SMAPE: 8.47 & 0.125
2024-12-09 17:20:05 - INFO - Starting Experiment 35/36
Hyperparameters:
  window_size=20, hidden_size=128, embed_dim=128,  encoder_heads=4, encoder_depth=2,   decoder_heads=4, decoder_depth=2,   dropout_p=0.2, output_size=1,  date_as_var=True
2024-12-09 17:20:43 - INFO - RMSE, SMAPE: 7.04 & 0.114
2024-12-09 17:20:43 - INFO - Starting Experiment 36/36
Hyperparameters:
  window_size=20, hidden_size=128, embed_dim=128,  encoder_heads=4, encoder_depth=2,   decoder_heads=4, decoder_depth=2,   dropout_p=0.2, output_size=1,  date_as_var=False
2024-12-09 17:21:20 - INFO - RMSE, SMAPE: 7.01 & 0.111
